build/app/intermediates/manifest_merge_blame_file/debug/manifest-merger-blame-debug-report.txt
1<?xml version="1.0" encoding="utf-8"?>
2<manifest xmlns:android="http://schemas.android.com/apk/res/android"
3    package="br.uff.ic.dm.p20202amarelo"
4    android:versionCode="1"
5    android:versionName="1.0.0" >
6
7    <uses-sdk
8        android:minSdkVersion="16"
9        android:targetSdkVersion="29" />
10    <!--
11         Flutter needs it to communicate with the running application
12         to allow setting breakpoints, to provide hot reload, etc.
13    -->
14    <uses-permission android:name="android.permission.INTERNET" />
14-->src\debug\AndroidManifest.xml:6:5-66
14-->src\debug\AndroidManifest.xml:6:22-64
15    <uses-permission android:name="android.permission.READ_EXTERNAL_STORAGE" />
15-->[:image_picker] AndroidManifest.xml:7:5-80
15-->[:image_picker] AndroidManifest.xml:7:22-77
16    <uses-permission android:name="android.permission.WRITE_EXTERNAL_STORAGE" /> <!-- Although the *SdkVersion is captured in gradle build files, this is required for non gradle builds -->
16-->[:image_picker] AndroidManifest.xml:8:5-81
16-->[:image_picker] AndroidManifest.xml:8:22-78
17    <!-- <uses-sdk android:minSdkVersion="14"/> -->
18    <uses-permission android:name="android.permission.ACCESS_NETWORK_STATE" /> <!-- Create a unique permission for your app and use it so only your app can receive your OneSignal messages. -->
18-->[com.google.firebase:firebase-storage:19.2.1] AndroidManifest.xml:26:5-79
18-->[com.google.firebase:firebase-storage:19.2.1] AndroidManifest.xml:26:22-76
19    <permission
19-->[com.onesignal:OneSignal:3.15.7] AndroidManifest.xml:7:5-9:47
20        android:name="br.uff.ic.dm.p20202amarelo.permission.C2D_MESSAGE"
20-->[com.onesignal:OneSignal:3.15.7] AndroidManifest.xml:8:9-63
21        android:protectionLevel="signature" />
21-->[com.onesignal:OneSignal:3.15.7] AndroidManifest.xml:9:9-44
22
23    <uses-permission android:name="br.uff.ic.dm.p20202amarelo.permission.C2D_MESSAGE" />
23-->[com.onesignal:OneSignal:3.15.7] AndroidManifest.xml:11:5-79
23-->[com.onesignal:OneSignal:3.15.7] AndroidManifest.xml:11:22-76
24    <uses-permission android:name="com.google.android.c2dm.permission.RECEIVE" /> <!-- Required, makes sure notifications are delivered on time. -->
24-->[com.onesignal:OneSignal:3.15.7] AndroidManifest.xml:17:5-82
24-->[com.onesignal:OneSignal:3.15.7] AndroidManifest.xml:17:22-79
25    <uses-permission android:name="android.permission.WAKE_LOCK" />
25-->[com.onesignal:OneSignal:3.15.7] AndroidManifest.xml:18:5-68
25-->[com.onesignal:OneSignal:3.15.7] AndroidManifest.xml:18:22-65
26    <!--
27 Required so the device vibrates on receiving a push notification.
28         Vibration settings of the device still apply.
29    -->
30    <uses-permission android:name="android.permission.VIBRATE" />
30-->[com.onesignal:OneSignal:3.15.7] AndroidManifest.xml:23:5-66
30-->[com.onesignal:OneSignal:3.15.7] AndroidManifest.xml:23:22-63
31    <!--
32 Use to restore notifications the user hasn't interacted with.
33         They could be missed notifications if the user reboots their device if this isn't in place.
34    -->
35    <uses-permission android:name="android.permission.RECEIVE_BOOT_COMPLETED" /> <!-- START: ShortcutBadger -->
35-->[com.onesignal:OneSignal:3.15.7] AndroidManifest.xml:29:5-81
35-->[com.onesignal:OneSignal:3.15.7] AndroidManifest.xml:29:22-78
36    <!-- Samsung -->
37    <uses-permission android:name="com.sec.android.provider.badge.permission.READ" />
37-->[com.onesignal:OneSignal:3.15.7] AndroidManifest.xml:31:5-86
37-->[com.onesignal:OneSignal:3.15.7] AndroidManifest.xml:31:22-83
38    <uses-permission android:name="com.sec.android.provider.badge.permission.WRITE" /> <!-- HTC -->
38-->[com.onesignal:OneSignal:3.15.7] AndroidManifest.xml:32:5-87
38-->[com.onesignal:OneSignal:3.15.7] AndroidManifest.xml:32:22-84
39    <uses-permission android:name="com.htc.launcher.permission.READ_SETTINGS" />
39-->[com.onesignal:OneSignal:3.15.7] AndroidManifest.xml:33:5-81
39-->[com.onesignal:OneSignal:3.15.7] AndroidManifest.xml:33:22-78
40    <uses-permission android:name="com.htc.launcher.permission.UPDATE_SHORTCUT" /> <!-- Sony -->
40-->[com.onesignal:OneSignal:3.15.7] AndroidManifest.xml:34:5-83
40-->[com.onesignal:OneSignal:3.15.7] AndroidManifest.xml:34:22-80
41    <uses-permission android:name="com.sonyericsson.home.permission.BROADCAST_BADGE" />
41-->[com.onesignal:OneSignal:3.15.7] AndroidManifest.xml:35:5-88
41-->[com.onesignal:OneSignal:3.15.7] AndroidManifest.xml:35:22-85
42    <uses-permission android:name="com.sonymobile.home.permission.PROVIDER_INSERT_BADGE" /> <!-- Apex -->
42-->[com.onesignal:OneSignal:3.15.7] AndroidManifest.xml:36:5-92
42-->[com.onesignal:OneSignal:3.15.7] AndroidManifest.xml:36:22-89
43    <uses-permission android:name="com.anddoes.launcher.permission.UPDATE_COUNT" /> <!-- Solid -->
43-->[com.onesignal:OneSignal:3.15.7] AndroidManifest.xml:37:5-84
43-->[com.onesignal:OneSignal:3.15.7] AndroidManifest.xml:37:22-81
44    <uses-permission android:name="com.majeur.launcher.permission.UPDATE_BADGE" /> <!-- Huawei -->
44-->[com.onesignal:OneSignal:3.15.7] AndroidManifest.xml:38:5-83
44-->[com.onesignal:OneSignal:3.15.7] AndroidManifest.xml:38:22-80
45    <uses-permission android:name="com.huawei.android.launcher.permission.CHANGE_BADGE" />
45-->[com.onesignal:OneSignal:3.15.7] AndroidManifest.xml:39:5-91
45-->[com.onesignal:OneSignal:3.15.7] AndroidManifest.xml:39:22-88
46    <uses-permission android:name="com.huawei.android.launcher.permission.READ_SETTINGS" />
46-->[com.onesignal:OneSignal:3.15.7] AndroidManifest.xml:40:5-92
46-->[com.onesignal:OneSignal:3.15.7] AndroidManifest.xml:40:22-89
47    <uses-permission android:name="com.huawei.android.launcher.permission.WRITE_SETTINGS" /> <!-- ZUK -->
47-->[com.onesignal:OneSignal:3.15.7] AndroidManifest.xml:41:5-93
47-->[com.onesignal:OneSignal:3.15.7] AndroidManifest.xml:41:22-90
48    <uses-permission android:name="android.permission.READ_APP_BADGE" /> <!-- OPPO -->
48-->[com.onesignal:OneSignal:3.15.7] AndroidManifest.xml:42:5-73
48-->[com.onesignal:OneSignal:3.15.7] AndroidManifest.xml:42:22-70
49    <uses-permission android:name="com.oppo.launcher.permission.READ_SETTINGS" />
49-->[com.onesignal:OneSignal:3.15.7] AndroidManifest.xml:43:5-82
49-->[com.onesignal:OneSignal:3.15.7] AndroidManifest.xml:43:22-79
50    <uses-permission android:name="com.oppo.launcher.permission.WRITE_SETTINGS" /> <!-- EvMe -->
50-->[com.onesignal:OneSignal:3.15.7] AndroidManifest.xml:44:5-83
50-->[com.onesignal:OneSignal:3.15.7] AndroidManifest.xml:44:22-80
51    <uses-permission android:name="me.everything.badger.permission.BADGE_COUNT_READ" />
51-->[com.onesignal:OneSignal:3.15.7] AndroidManifest.xml:45:5-88
51-->[com.onesignal:OneSignal:3.15.7] AndroidManifest.xml:45:22-85
52    <uses-permission android:name="me.everything.badger.permission.BADGE_COUNT_WRITE" />
52-->[com.onesignal:OneSignal:3.15.7] AndroidManifest.xml:46:5-89
52-->[com.onesignal:OneSignal:3.15.7] AndroidManifest.xml:46:22-86
53    <!--
54 io.flutter.app.FlutterApplication is an android.app.Application that
55         calls FlutterMain.startInitialization(this); in its onCreate method.
56         In most cases you can leave this as-is, but you if you want to provide
57         additional functionality it is fine to subclass or reimplement
58         FlutterApplication and put your custom class here.
59    -->
60    <application
60-->src\main\AndroidManifest.xml:8:5-46:19
61        android:name="io.flutter.app.FlutterApplication"
61-->src\main\AndroidManifest.xml:9:9-57
62        android:appComponentFactory="androidx.core.app.CoreComponentFactory"
62-->[androidx.core:core:1.1.0] AndroidManifest.xml:24:18-86
63        android:debuggable="true"
64        android:icon="@mipmap/ic_launcher"
64-->src\main\AndroidManifest.xml:11:9-43
65        android:label="p20202amarelo" >
65-->src\main\AndroidManifest.xml:10:9-38
66        <activity
66-->src\main\AndroidManifest.xml:12:9-40:20
67            android:name="br.uff.ic.dm.p20202amarelo.MainActivity"
67-->src\main\AndroidManifest.xml:13:13-41
68            android:configChanges="orientation|keyboardHidden|keyboard|screenSize|smallestScreenSize|locale|layoutDirection|fontScale|screenLayout|density|uiMode"
68-->src\main\AndroidManifest.xml:16:13-163
69            android:hardwareAccelerated="true"
69-->src\main\AndroidManifest.xml:17:13-47
70            android:launchMode="singleTop"
70-->src\main\AndroidManifest.xml:14:13-43
71            android:theme="@style/LaunchTheme"
71-->src\main\AndroidManifest.xml:15:13-47
72            android:windowSoftInputMode="adjustResize" >
72-->src\main\AndroidManifest.xml:18:13-55
73
74            <!--
75                 Specifies an Android theme to apply to this Activity as soon as
76                 the Android process has started. This theme is visible to the user
77                 while the Flutter UI initializes. After that, this theme continues
78                 to determine the Window background behind the Flutter UI.
79            -->
80            <meta-data
80-->src\main\AndroidManifest.xml:23:13-26:17
81                android:name="io.flutter.embedding.android.NormalTheme"
81-->src\main\AndroidManifest.xml:24:15-70
82                android:resource="@style/NormalTheme" />
82-->src\main\AndroidManifest.xml:25:15-52
83            <!--
84                 Displays an Android View that continues showing the launch screen
85                 Drawable until Flutter paints its first frame, then this splash
86                 screen fades out. A splash screen is useful to avoid any visual
87                 gap between the end of Android's launch screen and the painting of
88                 Flutter's first frame.
89            -->
90            <meta-data
90-->src\main\AndroidManifest.xml:32:13-35:17
91                android:name="io.flutter.embedding.android.SplashScreenDrawable"
91-->src\main\AndroidManifest.xml:33:15-79
92                android:resource="@drawable/launch_background" />
92-->src\main\AndroidManifest.xml:34:15-61
93
94            <intent-filter>
94-->src\main\AndroidManifest.xml:36:13-39:29
95                <action android:name="android.intent.action.MAIN" />
95-->src\main\AndroidManifest.xml:37:17-68
95-->src\main\AndroidManifest.xml:37:25-66
96
97                <category android:name="android.intent.category.LAUNCHER" />
97-->src\main\AndroidManifest.xml:38:17-76
97-->src\main\AndroidManifest.xml:38:27-74
98            </intent-filter>
99        </activity>
100        <!--
101             Don't delete the meta-data below.
102             This is used by the Flutter tool to generate GeneratedPluginRegistrant.java
103        -->
104        <meta-data
104-->src\main\AndroidManifest.xml:43:9-45:33
105            android:name="flutterEmbedding"
105-->src\main\AndroidManifest.xml:44:13-44
106            android:value="2" />
106-->src\main\AndroidManifest.xml:45:13-30
107
108        <service
108-->[:firebase_storage] AndroidManifest.xml:8:9-12:19
109            android:name="com.google.firebase.components.ComponentDiscoveryService"
109-->[:firebase_storage] AndroidManifest.xml:8:18-89
110            android:directBootAware="true"
110-->[com.google.firebase:firebase-common:19.5.0] AndroidManifest.xml:35:13-43
111            android:exported="false" >
111-->[com.google.firebase:firebase-storage:19.2.1] AndroidManifest.xml:32:13-37
112            <meta-data
112-->[:firebase_storage] AndroidManifest.xml:9:13-11:85
113                android:name="com.google.firebase.components:io.flutter.plugins.firebase.storage.FlutterFirebaseAppRegistrar"
113-->[:firebase_storage] AndroidManifest.xml:10:17-126
114                android:value="com.google.firebase.components.ComponentRegistrar" />
114-->[:firebase_storage] AndroidManifest.xml:11:17-82
115            <meta-data
115-->[:firebase_messaging] AndroidManifest.xml:14:13-16:85
116                android:name="com.google.firebase.components:io.flutter.plugins.firebasemessaging.FlutterFirebaseAppRegistrar"
116-->[:firebase_messaging] AndroidManifest.xml:15:17-127
117                android:value="com.google.firebase.components.ComponentRegistrar" />
117-->[:firebase_messaging] AndroidManifest.xml:16:17-82
118            <meta-data
118-->[:cloud_firestore] AndroidManifest.xml:9:13-11:85
119                android:name="com.google.firebase.components:io.flutter.plugins.firebase.cloudfirestore.FlutterFirebaseAppRegistrar"
119-->[:cloud_firestore] AndroidManifest.xml:10:17-133
120                android:value="com.google.firebase.components.ComponentRegistrar" />
120-->[:cloud_firestore] AndroidManifest.xml:11:17-82
121            <meta-data
121-->[:firebase_auth] AndroidManifest.xml:9:13-11:85
122                android:name="com.google.firebase.components:io.flutter.plugins.firebaseauth.FlutterFirebaseAppRegistrar"
122-->[:firebase_auth] AndroidManifest.xml:10:17-122
123                android:value="com.google.firebase.components.ComponentRegistrar" />
123-->[:firebase_auth] AndroidManifest.xml:11:17-82
124            <meta-data
124-->[:firebase_core] AndroidManifest.xml:9:13-11:85
125                android:name="com.google.firebase.components:io.flutter.plugins.firebase.core.FlutterFirebaseAppRegistrar"
125-->[:firebase_core] AndroidManifest.xml:10:17-123
126                android:value="com.google.firebase.components.ComponentRegistrar" />
126-->[:firebase_core] AndroidManifest.xml:11:17-82
127            <meta-data
127-->[com.google.firebase:firebase-storage:19.2.1] AndroidManifest.xml:33:13-35:85
128                android:name="com.google.firebase.components:com.google.firebase.storage.StorageRegistrar"
128-->[com.google.firebase:firebase-storage:19.2.1] AndroidManifest.xml:34:17-107
129                android:value="com.google.firebase.components.ComponentRegistrar" />
129-->[com.google.firebase:firebase-storage:19.2.1] AndroidManifest.xml:35:17-82
130            <meta-data
130-->[com.google.firebase:firebase-auth:20.0.3] AndroidManifest.xml:77:13-79:85
131                android:name="com.google.firebase.components:com.google.firebase.auth.FirebaseAuthRegistrar"
131-->[com.google.firebase:firebase-auth:20.0.3] AndroidManifest.xml:78:17-109
132                android:value="com.google.firebase.components.ComponentRegistrar" />
132-->[com.google.firebase:firebase-auth:20.0.3] AndroidManifest.xml:79:17-82
133            <meta-data
133-->[com.google.firebase:firebase-firestore:22.1.1] AndroidManifest.xml:20:13-22:85
134                android:name="com.google.firebase.components:com.google.firebase.firestore.FirestoreRegistrar"
134-->[com.google.firebase:firebase-firestore:22.1.1] AndroidManifest.xml:21:17-111
135                android:value="com.google.firebase.components.ComponentRegistrar" />
135-->[com.google.firebase:firebase-firestore:22.1.1] AndroidManifest.xml:22:17-82
136            <meta-data
136-->[com.google.firebase:firebase-messaging:21.0.1] AndroidManifest.xml:39:13-41:85
137                android:name="com.google.firebase.components:com.google.firebase.messaging.FirebaseMessagingRegistrar"
137-->[com.google.firebase:firebase-messaging:21.0.1] AndroidManifest.xml:40:17-119
138                android:value="com.google.firebase.components.ComponentRegistrar" />
138-->[com.google.firebase:firebase-messaging:21.0.1] AndroidManifest.xml:41:17-82
139            <meta-data
139-->[com.google.firebase:firebase-datatransport:17.0.10] AndroidManifest.xml:28:13-30:85
140                android:name="com.google.firebase.components:com.google.firebase.datatransport.TransportRegistrar"
140-->[com.google.firebase:firebase-datatransport:17.0.10] AndroidManifest.xml:29:17-115
141                android:value="com.google.firebase.components.ComponentRegistrar" />
141-->[com.google.firebase:firebase-datatransport:17.0.10] AndroidManifest.xml:30:17-82
142            <meta-data
142-->[com.google.firebase:firebase-iid:21.0.1] AndroidManifest.xml:32:13-34:85
143                android:name="com.google.firebase.components:com.google.firebase.iid.Registrar"
143-->[com.google.firebase:firebase-iid:21.0.1] AndroidManifest.xml:33:17-96
144                android:value="com.google.firebase.components.ComponentRegistrar" />
144-->[com.google.firebase:firebase-iid:21.0.1] AndroidManifest.xml:34:17-82
145            <meta-data
145-->[com.google.firebase:firebase-installations:16.3.5] AndroidManifest.xml:18:13-20:85
146                android:name="com.google.firebase.components:com.google.firebase.installations.FirebaseInstallationsRegistrar"
146-->[com.google.firebase:firebase-installations:16.3.5] AndroidManifest.xml:19:17-127
147                android:value="com.google.firebase.components.ComponentRegistrar" />
147-->[com.google.firebase:firebase-installations:16.3.5] AndroidManifest.xml:20:17-82
148            <!--
149                This registrar is not defined in the dynamic-module-support sdk itself to allow non-firebase
150                clients to use it as well, by defining this registrar in their own core/common library.
151            -->
152            <meta-data
152-->[com.google.firebase:firebase-common:19.5.0] AndroidManifest.xml:43:13-45:85
153                android:name="com.google.firebase.components:com.google.firebase.dynamicloading.DynamicLoadingRegistrar"
153-->[com.google.firebase:firebase-common:19.5.0] AndroidManifest.xml:44:17-121
154                android:value="com.google.firebase.components.ComponentRegistrar" />
154-->[com.google.firebase:firebase-common:19.5.0] AndroidManifest.xml:45:17-82
155        </service>
156
157        <provider
157-->[:image_picker] AndroidManifest.xml:11:9-19:20
158            android:name="io.flutter.plugins.imagepicker.ImagePickerFileProvider"
158-->[:image_picker] AndroidManifest.xml:12:13-82
159            android:authorities="br.uff.ic.dm.p20202amarelo.flutter.image_provider"
159-->[:image_picker] AndroidManifest.xml:13:13-74
160            android:exported="false"
160-->[:image_picker] AndroidManifest.xml:14:13-37
161            android:grantUriPermissions="true" >
161-->[:image_picker] AndroidManifest.xml:15:13-47
162            <meta-data
162-->[:image_picker] AndroidManifest.xml:16:13-18:75
163                android:name="android.support.FILE_PROVIDER_PATHS"
163-->[:image_picker] AndroidManifest.xml:17:17-67
164                android:resource="@xml/flutter_image_picker_file_paths" />
164-->[:image_picker] AndroidManifest.xml:18:17-72
165        </provider>
166
167        <service android:name="io.flutter.plugins.firebasemessaging.FlutterFirebaseMessagingService" >
167-->[:firebase_messaging] AndroidManifest.xml:8:9-12:19
167-->[:firebase_messaging] AndroidManifest.xml:8:18-101
168            <intent-filter>
168-->[:firebase_messaging] AndroidManifest.xml:9:13-11:29
169                <action android:name="com.google.firebase.MESSAGING_EVENT" />
169-->[:firebase_messaging] AndroidManifest.xml:10:17-78
169-->[:firebase_messaging] AndroidManifest.xml:10:25-75
170            </intent-filter>
171        </service>
172
173        <activity
173-->[com.google.firebase:firebase-auth:20.0.3] AndroidManifest.xml:27:9-44:20
174            android:name="com.google.firebase.auth.internal.GenericIdpActivity"
174-->[com.google.firebase:firebase-auth:20.0.3] AndroidManifest.xml:28:13-80
175            android:excludeFromRecents="true"
175-->[com.google.firebase:firebase-auth:20.0.3] AndroidManifest.xml:29:13-46
176            android:exported="true"
176-->[com.google.firebase:firebase-auth:20.0.3] AndroidManifest.xml:30:13-36
177            android:launchMode="singleTask"
177-->[com.google.firebase:firebase-auth:20.0.3] AndroidManifest.xml:31:13-44
178            android:theme="@android:style/Theme.Translucent.NoTitleBar" >
178-->[com.google.firebase:firebase-auth:20.0.3] AndroidManifest.xml:32:13-72
179            <intent-filter>
179-->[com.google.firebase:firebase-auth:20.0.3] AndroidManifest.xml:33:13-43:29
180                <action android:name="android.intent.action.VIEW" />
180-->[com.google.firebase:firebase-auth:20.0.3] AndroidManifest.xml:34:17-69
180-->[com.google.firebase:firebase-auth:20.0.3] AndroidManifest.xml:34:25-66
181
182                <category android:name="android.intent.category.DEFAULT" />
182-->[com.google.firebase:firebase-auth:20.0.3] AndroidManifest.xml:36:17-76
182-->[com.google.firebase:firebase-auth:20.0.3] AndroidManifest.xml:36:27-73
183                <category android:name="android.intent.category.BROWSABLE" />
183-->[com.google.firebase:firebase-auth:20.0.3] AndroidManifest.xml:37:17-78
183-->[com.google.firebase:firebase-auth:20.0.3] AndroidManifest.xml:37:27-75
184
185                <data
185-->[com.google.firebase:firebase-auth:20.0.3] AndroidManifest.xml:39:17-42:51
186                    android:host="firebase.auth"
186-->[com.google.firebase:firebase-auth:20.0.3] AndroidManifest.xml:40:21-49
187                    android:path="/"
187-->[com.google.firebase:firebase-auth:20.0.3] AndroidManifest.xml:41:21-37
188                    android:scheme="genericidp" />
188-->[com.google.firebase:firebase-auth:20.0.3] AndroidManifest.xml:42:21-48
189            </intent-filter>
190        </activity>
191        <activity
191-->[com.google.firebase:firebase-auth:20.0.3] AndroidManifest.xml:45:9-62:20
192            android:name="com.google.firebase.auth.internal.RecaptchaActivity"
192-->[com.google.firebase:firebase-auth:20.0.3] AndroidManifest.xml:46:13-79
193            android:excludeFromRecents="true"
193-->[com.google.firebase:firebase-auth:20.0.3] AndroidManifest.xml:47:13-46
194            android:exported="true"
194-->[com.google.firebase:firebase-auth:20.0.3] AndroidManifest.xml:48:13-36
195            android:launchMode="singleTask"
195-->[com.google.firebase:firebase-auth:20.0.3] AndroidManifest.xml:49:13-44
196            android:theme="@android:style/Theme.Translucent.NoTitleBar" >
196-->[com.google.firebase:firebase-auth:20.0.3] AndroidManifest.xml:50:13-72
197            <intent-filter>
197-->[com.google.firebase:firebase-auth:20.0.3] AndroidManifest.xml:51:13-61:29
198                <action android:name="android.intent.action.VIEW" />
198-->[com.google.firebase:firebase-auth:20.0.3] AndroidManifest.xml:34:17-69
198-->[com.google.firebase:firebase-auth:20.0.3] AndroidManifest.xml:34:25-66
199
200                <category android:name="android.intent.category.DEFAULT" />
200-->[com.google.firebase:firebase-auth:20.0.3] AndroidManifest.xml:36:17-76
200-->[com.google.firebase:firebase-auth:20.0.3] AndroidManifest.xml:36:27-73
201                <category android:name="android.intent.category.BROWSABLE" />
201-->[com.google.firebase:firebase-auth:20.0.3] AndroidManifest.xml:37:17-78
201-->[com.google.firebase:firebase-auth:20.0.3] AndroidManifest.xml:37:27-75
202
203                <data
203-->[com.google.firebase:firebase-auth:20.0.3] AndroidManifest.xml:39:17-42:51
204                    android:host="firebase.auth"
204-->[com.google.firebase:firebase-auth:20.0.3] AndroidManifest.xml:40:21-49
205                    android:path="/"
205-->[com.google.firebase:firebase-auth:20.0.3] AndroidManifest.xml:41:21-37
206                    android:scheme="recaptcha" />
206-->[com.google.firebase:firebase-auth:20.0.3] AndroidManifest.xml:42:21-48
207            </intent-filter>
208        </activity>
209
210        <service
210-->[com.google.firebase:firebase-auth:20.0.3] AndroidManifest.xml:64:9-73:19
211            android:name="com.google.firebase.auth.api.fallback.service.FirebaseAuthFallbackService"
211-->[com.google.firebase:firebase-auth:20.0.3] AndroidManifest.xml:65:13-101
212            android:enabled="true"
212-->[com.google.firebase:firebase-auth:20.0.3] AndroidManifest.xml:66:13-35
213            android:exported="false" >
213-->[com.google.firebase:firebase-auth:20.0.3] AndroidManifest.xml:67:13-37
214            <intent-filter>
214-->[com.google.firebase:firebase-auth:20.0.3] AndroidManifest.xml:68:13-72:29
215                <action android:name="com.google.firebase.auth.api.gms.service.START" />
215-->[com.google.firebase:firebase-auth:20.0.3] AndroidManifest.xml:69:17-89
215-->[com.google.firebase:firebase-auth:20.0.3] AndroidManifest.xml:69:25-86
216
217                <category android:name="android.intent.category.DEFAULT" />
217-->[com.google.firebase:firebase-auth:20.0.3] AndroidManifest.xml:36:17-76
217-->[com.google.firebase:firebase-auth:20.0.3] AndroidManifest.xml:36:27-73
218            </intent-filter>
219        </service>
220
221        <meta-data
221-->[com.onesignal:OneSignal:3.15.7] AndroidManifest.xml:49:9-51:51
222            android:name="onesignal_app_id"
222-->[com.onesignal:OneSignal:3.15.7] AndroidManifest.xml:50:13-44
223            android:value="${onesignal_app_id}" /> <!-- Deprecated - Pulled from OneSignal dashboard. -->
223-->[com.onesignal:OneSignal:3.15.7] AndroidManifest.xml:51:13-48
224        <meta-data
224-->[com.onesignal:OneSignal:3.15.7] AndroidManifest.xml:53:9-55:70
225            android:name="onesignal_google_project_number"
225-->[com.onesignal:OneSignal:3.15.7] AndroidManifest.xml:54:13-59
226            android:value="str:${onesignal_google_project_number}" />
226-->[com.onesignal:OneSignal:3.15.7] AndroidManifest.xml:55:13-67
227
228        <receiver
228-->[com.onesignal:OneSignal:3.15.7] AndroidManifest.xml:57:9-67:20
229            android:name="com.onesignal.GcmBroadcastReceiver"
229-->[com.onesignal:OneSignal:3.15.7] AndroidManifest.xml:58:13-62
230            android:permission="com.google.android.c2dm.permission.SEND" >
230-->[com.onesignal:OneSignal:3.15.7] AndroidManifest.xml:59:13-73
231
232            <!-- High priority so OneSignal payloads can be filtered from other GCM receivers if filterOtherGCMReceivers is enabled. -->
233            <intent-filter android:priority="999" >
233-->[com.onesignal:OneSignal:3.15.7] AndroidManifest.xml:62:13-66:29
233-->[com.onesignal:OneSignal:3.15.7] AndroidManifest.xml:62:28-50
234                <action android:name="com.google.android.c2dm.intent.RECEIVE" />
234-->[com.onesignal:OneSignal:3.15.7] AndroidManifest.xml:63:17-81
234-->[com.onesignal:OneSignal:3.15.7] AndroidManifest.xml:63:25-78
235
236                <category android:name="br.uff.ic.dm.p20202amarelo" />
236-->[com.onesignal:OneSignal:3.15.7] AndroidManifest.xml:65:17-61
236-->[com.onesignal:OneSignal:3.15.7] AndroidManifest.xml:65:27-58
237            </intent-filter>
238        </receiver>
239        <receiver android:name="com.onesignal.NotificationOpenedReceiver" />
239-->[com.onesignal:OneSignal:3.15.7] AndroidManifest.xml:68:9-77
239-->[com.onesignal:OneSignal:3.15.7] AndroidManifest.xml:68:19-74
240
241        <service
241-->[com.onesignal:OneSignal:3.15.7] AndroidManifest.xml:70:9-76:19
242            android:name="com.onesignal.HmsMessageServiceOneSignal"
242-->[com.onesignal:OneSignal:3.15.7] AndroidManifest.xml:71:13-68
243            android:exported="false" >
243-->[com.onesignal:OneSignal:3.15.7] AndroidManifest.xml:72:13-37
244            <intent-filter>
244-->[com.onesignal:OneSignal:3.15.7] AndroidManifest.xml:73:13-75:29
245                <action android:name="com.huawei.push.action.MESSAGING_EVENT" />
245-->[com.onesignal:OneSignal:3.15.7] AndroidManifest.xml:74:17-81
245-->[com.onesignal:OneSignal:3.15.7] AndroidManifest.xml:74:25-78
246            </intent-filter>
247        </service>
248
249        <activity
249-->[com.onesignal:OneSignal:3.15.7] AndroidManifest.xml:78:9-84:20
250            android:name="com.onesignal.NotificationOpenedActivityHMS"
250-->[com.onesignal:OneSignal:3.15.7] AndroidManifest.xml:79:13-71
251            android:theme="@android:style/Theme.Translucent.NoTitleBar" >
251-->[com.onesignal:OneSignal:3.15.7] AndroidManifest.xml:80:13-72
252            <intent-filter>
252-->[com.onesignal:OneSignal:3.15.7] AndroidManifest.xml:81:13-83:29
253                <action android:name="android.intent.action.VIEW" />
253-->[com.google.firebase:firebase-auth:20.0.3] AndroidManifest.xml:34:17-69
253-->[com.google.firebase:firebase-auth:20.0.3] AndroidManifest.xml:34:25-66
254            </intent-filter>
255        </activity>
256
257        <service android:name="com.onesignal.GcmIntentService" />
257-->[com.onesignal:OneSignal:3.15.7] AndroidManifest.xml:86:9-66
257-->[com.onesignal:OneSignal:3.15.7] AndroidManifest.xml:86:18-63
258        <service
258-->[com.onesignal:OneSignal:3.15.7] AndroidManifest.xml:87:9-89:72
259            android:name="com.onesignal.GcmIntentJobService"
259-->[com.onesignal:OneSignal:3.15.7] AndroidManifest.xml:88:13-61
260            android:permission="android.permission.BIND_JOB_SERVICE" />
260-->[com.onesignal:OneSignal:3.15.7] AndroidManifest.xml:89:13-69
261        <service
261-->[com.onesignal:OneSignal:3.15.7] AndroidManifest.xml:90:9-92:72
262            android:name="com.onesignal.RestoreJobService"
262-->[com.onesignal:OneSignal:3.15.7] AndroidManifest.xml:91:13-59
263            android:permission="android.permission.BIND_JOB_SERVICE" />
263-->[com.onesignal:OneSignal:3.15.7] AndroidManifest.xml:92:13-69
264        <service
264-->[com.onesignal:OneSignal:3.15.7] AndroidManifest.xml:93:9-95:72
265            android:name="com.onesignal.RestoreKickoffJobService"
265-->[com.onesignal:OneSignal:3.15.7] AndroidManifest.xml:94:13-66
266            android:permission="android.permission.BIND_JOB_SERVICE" />
266-->[com.onesignal:OneSignal:3.15.7] AndroidManifest.xml:95:13-69
267        <service
267-->[com.onesignal:OneSignal:3.15.7] AndroidManifest.xml:96:9-98:43
268            android:name="com.onesignal.SyncService"
268-->[com.onesignal:OneSignal:3.15.7] AndroidManifest.xml:97:13-53
269            android:stopWithTask="true" />
269-->[com.onesignal:OneSignal:3.15.7] AndroidManifest.xml:98:13-40
270        <service
270-->[com.onesignal:OneSignal:3.15.7] AndroidManifest.xml:99:9-101:72
271            android:name="com.onesignal.SyncJobService"